# JRE version: OpenJDK Runtime Environment Temurin-21.0.10+7 (21.0.10+7) (build 21.0.10+7-LTS)
# Java VM: OpenJDK 64-Bit Server VM Temurin-21.0.10+7 (21.0.10+7-LTS, mixed mode, sharing, tiered, compressed oops, compressed class ptrs, g1 gc, windows-amd64)
GC Precious Log:
 CardTable entry size: 512
 Card Set container configuration: InlinePtr #cards 5 size 8 Array Of Cards #cards 12 size 40 Howl #buckets 4 coarsen threshold 1843 Howl Bitmap #cards 512 size 80 coarsen threshold 460 Card regions per heap region 1 cards per card region 2048
 CPUs: 12 total, 12 available
 Memory: 15712M
 Large Page Support: Disabled
 NUMA Support: Disabled
 Compressed Oops: Enabled (32-bit)
 Heap Region Size: 1M
 Heap Min Capacity: 8M
 Heap Initial Capacity: 246M
 Heap Max Capacity: 1536M
 Pre-touch: Disabled
 Parallel Workers: 10
 Concurrent Workers: 3
 Concurrent Refinement Workers: 10
 Periodic GC: Disabled
Heap:
 garbage-first heap   total 176128K, used 131400K [0x00000000a0000000, 0x0000000100000000)
  region size 1024K, 37 young (37888K), 7 survivors (7168K)
 Metaspace       used 83020K, committed 85248K, reserved 1179648K
  class space    used 11572K, committed 12672K, reserved 1048576K
GC Heap History (20 events):
Event: 16.310 GC heap before
{Heap before GC invocations=16 (full 0):
 garbage-first heap   total 126976K, used 100219K [0x00000000a0000000, 0x0000000100000000)
  region size 1024K, 46 young (47104K), 8 survivors (8192K)
 Metaspace       used 59281K, committed 61056K, reserved 1114112K
  class space    used 8268K, committed 9152K, reserved 1048576K
}
Event: 16.316 GC heap after
{Heap after GC invocations=17 (full 0):
 garbage-first heap   total 126976K, used 63988K [0x00000000a0000000, 0x0000000100000000)
  region size 1024K, 2 young (2048K), 2 survivors (2048K)
 Metaspace       used 59281K, committed 61056K, reserved 1114112K
  class space    used 8268K, committed 9152K, reserved 1048576K
}
Event: 17.260 GC heap before
{Heap before GC invocations=18 (full 0):
 garbage-first heap   total 126976K, used 121332K [0x00000000a0000000, 0x0000000100000000)
  region size 1024K, 53 young (54272K), 2 survivors (2048K)
 Metaspace       used 63585K, committed 65408K, reserved 1114112K
  class space    used 8928K, committed 9856K, reserved 1048576K
}
Event: 17.265 GC heap after
{Heap after GC invocations=19 (full 0):
 garbage-first heap   total 129024K, used 70018K [0x00000000a0000000, 0x0000000100000000)
  region size 1024K, 7 young (7168K), 7 survivors (7168K)
 Metaspace       used 63585K, committed 65408K, reserved 1114112K
  class space    used 8928K, committed 9856K, reserved 1048576K
}
Event: 17.999 GC heap before
{Heap before GC invocations=19 (full 0):
 garbage-first heap   total 129024K, used 117122K [0x00000000a0000000, 0x0000000100000000)
  region size 1024K, 53 young (54272K), 7 survivors (7168K)
 Metaspace       used 66678K, committed 68608K, reserved 1114112K
  class space    used 9337K, committed 10304K, reserved 1048576K
}
Event: 18.009 GC heap after
{Heap after GC invocations=20 (full 0):
 garbage-first heap   total 129024K, used 73250K [0x00000000a0000000, 0x0000000100000000)
  region size 1024K, 4 young (4096K), 4 survivors (4096K)
 Metaspace       used 66678K, committed 68608K, reserved 1114112K
  class space    used 9337K, committed 10304K, reserved 1048576K
}
Event: 18.599 GC heap before
{Heap before GC invocations=20 (full 0):
 garbage-first heap   total 129024K, used 118306K [0x00000000a0000000, 0x0000000100000000)
  region size 1024K, 48 young (49152K), 4 survivors (4096K)
 Metaspace       used 67525K, committed 69504K, reserved 1114112K
  class space    used 9448K, committed 10432K, reserved 1048576K
}
Event: 18.605 GC heap after
{Heap after GC invocations=21 (full 0):
 garbage-first heap   total 129024K, used 77621K [0x00000000a0000000, 0x0000000100000000)
  region size 1024K, 5 young (5120K), 5 survivors (5120K)
 Metaspace       used 67525K, committed 69504K, reserved 1114112K
  class space    used 9448K, committed 10432K, reserved 1048576K
}
Event: 19.220 GC heap before
{Heap before GC invocations=22 (full 0):
 garbage-first heap   total 132096K, used 118581K [0x00000000a0000000, 0x0000000100000000)
  region size 1024K, 44 young (45056K), 5 survivors (5120K)
 Metaspace       used 70774K, committed 72832K, reserved 1114112K
  class space    used 9905K, committed 10944K, reserved 1048576K
}
Event: 19.226 GC heap after
{Heap after GC invocations=23 (full 0):
 garbage-first heap   total 132096K, used 79228K [0x00000000a0000000, 0x0000000100000000)
  region size 1024K, 2 young (2048K), 2 survivors (2048K)
 Metaspace       used 70774K, committed 72832K, reserved 1114112K
  class space    used 9905K, committed 10944K, reserved 1048576K
}
Event: 20.013 GC heap before
{Heap before GC invocations=23 (full 0):
 garbage-first heap   total 132096K, used 121212K [0x00000000a0000000, 0x0000000100000000)
  region size 1024K, 43 young (44032K), 2 survivors (2048K)
 Metaspace       used 74420K, committed 76416K, reserved 1114112K
  class space    used 10539K, committed 11520K, reserved 1048576K
}
Event: 20.017 GC heap after
{Heap after GC invocations=24 (full 0):
 garbage-first heap   total 132096K, used 79704K [0x00000000a0000000, 0x0000000100000000)
  region size 1024K, 3 young (3072K), 3 survivors (3072K)
 Metaspace       used 74420K, committed 76416K, reserved 1114112K
  class space    used 10539K, committed 11520K, reserved 1048576K
}
Event: 20.782 GC heap before
{Heap before GC invocations=24 (full 0):
 garbage-first heap   total 132096K, used 122712K [0x00000000a0000000, 0x0000000100000000)
  region size 1024K, 45 young (46080K), 3 survivors (3072K)
 Metaspace       used 77275K, committed 79488K, reserved 1179648K
  class space    used 10936K, committed 12032K, reserved 1048576K
}
Event: 20.788 GC heap after
{Heap after GC invocations=25 (full 0):
 garbage-first heap   total 132096K, used 82468K [0x00000000a0000000, 0x0000000100000000)
  region size 1024K, 6 young (6144K), 6 survivors (6144K)
 Metaspace       used 77275K, committed 79488K, reserved 1179648K
  class space    used 10936K, committed 12032K, reserved 1048576K
}
Event: 21.157 GC heap before
{Heap before GC invocations=26 (full 0):
 garbage-first heap   total 138240K, used 122404K [0x00000000a0000000, 0x0000000100000000)
  region size 1024K, 46 young (47104K), 6 survivors (6144K)
 Metaspace       used 77303K, committed 79488K, reserved 1179648K
  class space    used 10936K, committed 12032K, reserved 1048576K
}
Event: 21.163 GC heap after
{Heap after GC invocations=27 (full 0):
 garbage-first heap   total 138240K, used 83521K [0x00000000a0000000, 0x0000000100000000)
  region size 1024K, 4 young (4096K), 4 survivors (4096K)
 Metaspace       used 77303K, committed 79488K, reserved 1179648K
  class space    used 10936K, committed 12032K, reserved 1048576K
}
Event: 21.940 GC heap before
{Heap before GC invocations=27 (full 0):
 garbage-first heap   total 138240K, used 130625K [0x00000000a0000000, 0x0000000100000000)
  region size 1024K, 49 young (50176K), 4 survivors (4096K)
 Metaspace       used 78902K, committed 81088K, reserved 1179648K
  class space    used 11222K, committed 12288K, reserved 1048576K
}
Event: 21.953 GC heap after
{Heap after GC invocations=28 (full 0):
 garbage-first heap   total 142336K, used 88143K [0x00000000a0000000, 0x0000000100000000)
  region size 1024K, 7 young (7168K), 7 survivors (7168K)
 Metaspace       used 78902K, committed 81088K, reserved 1179648K
  class space    used 11222K, committed 12288K, reserved 1048576K
}
Event: 23.124 GC heap before
{Heap before GC invocations=28 (full 0):
 garbage-first heap   total 142336K, used 130127K [0x00000000a0000000, 0x0000000100000000)
  region size 1024K, 49 young (50176K), 7 survivors (7168K)
 Metaspace       used 80330K, committed 82560K, reserved 1179648K
  class space    used 11308K, committed 12416K, reserved 1048576K
}
Event: 23.135 GC heap after
{Heap after GC invocations=29 (full 0):
 garbage-first heap   total 176128K, used 95560K [0x00000000a0000000, 0x0000000100000000)
  region size 1024K, 7 young (7168K), 7 survivors (7168K)
 Metaspace       used 80330K, committed 82560K, reserved 1179648K
  class space    used 11308K, committed 12416K, reserved 1048576K
}

